<?xml version="1.0" encoding="UTF-8"?>
<!-- Generated by org.testng.reporters.JUnitReportReporter -->
<testsuite skipped="0" hostname="DESKTOP-165PPSP" name="com.test.NewTest" tests="1" failures="0" timestamp="16 Mar 2018 03:46:11 GMT" time="0.049" errors="0">
  <testcase name="f" time="0.049" classname="com.test.NewTest"/>
</testsuite> <!-- com.test.NewTest -->
